<?xml version="1.0" encoding="UTF-8"?>
<!-- Generated by org.testng.reporters.JUnitXMLReporter -->
<testsuite hostname="DESKTOP-AP99NFS" ignored="0" name="getHeader" tests="1" failures="0" timestamp="2019-11-11T22:28:31 PST" time="0.011" errors="0">
  <testcase name="@BeforeTest initialize" time="0.0" classname="tests.GetHeaderTest">
    <failure type="java.lang.NullPointerException">
      <![CDATA[java.lang.NullPointerException
at resources.BaseClass.DriverIntialize(BaseClass.java:32)
at tests.GetHeaderTest.initialize(GetHeaderTest.java:22)
... Removed 24 stack frames]]>
    </failure>
  </testcase> <!-- @BeforeTest initialize -->
  <testcase name="@AfterTest teardown" time="-1.573540111351E9" classname="tests.GetHeaderTest">
    <skipped/>
  </testcase> <!-- @AfterTest teardown -->
  <testcase name="getHeader" time="0.0" classname="tests.GetHeaderTest">
    <skipped/>
  </testcase> <!-- getHeader -->
</testsuite> <!-- getHeader -->
