<?xml version="1.0" encoding="UTF-8"?>
<!-- Generated by org.testng.reporters.JUnitXMLReporter -->
<testsuite hostname="DESKTOP-AP99NFS" name="gettitle" tests="1" failures="1" timestamp="8 Nov 2019 06:10:09 GMT" time="17.224" errors="0">
  <testcase name="getTitle" time="0.07" classname="tests.GetTitleTest">
    <failure type="junit.framework.ComparisonFailure" message="expected:&amp;lt;...&amp;gt; but was:&amp;lt;...123&amp;gt;">
      <![CDATA[junit.framework.ComparisonFailure: expected:<...> but was:<...123>
	at junit.framework.Assert.assertEquals(Assert.java:81)
	at junit.framework.Assert.assertEquals(Assert.java:87)
	at tests.GetTitleTest.getTitle(GetTitleTest.java:43)
	at org.apache.maven.surefire.testng.TestNGExecutor.run(TestNGExecutor.java:283)
	at org.apache.maven.surefire.testng.TestNGXmlTestSuite.execute(TestNGXmlTestSuite.java:75)
	at org.apache.maven.surefire.testng.TestNGProvider.invoke(TestNGProvider.java:120)
	at org.apache.maven.surefire.booter.ForkedBooter.invokeProviderInSameClassLoader(ForkedBooter.java:386)
	at org.apache.maven.surefire.booter.ForkedBooter.runSuitesInProcess(ForkedBooter.java:323)
	at org.apache.maven.surefire.booter.ForkedBooter.main(ForkedBooter.java:143)
... Removed 21 stack frames]]>
    </failure>
  </testcase> <!-- getTitle -->
</testsuite> <!-- gettitle -->
