<?xml version="1.0" encoding="UTF-8"?>
<testng-results skipped="0" failed="0" total="1" passed="1">
  <reporter-output>
  </reporter-output>
  <suite name="Suite" duration-ms="53979" started-at="2019-11-20T01:57:13Z" finished-at="2019-11-20T01:58:07Z">
    <groups>
      <group name="cucumber">
        <method signature="AbstractTestNGCucumberTests.feature(cucumber.api.testng.CucumberFeatureWrapper)[pri:0, instance:runner.TestRunner@6ea12c19]" name="feature" class="cucumber.api.testng.AbstractTestNGCucumberTests"/>
      </group> <!-- cucumber -->
    </groups>
    <test name="CucumberRunner" duration-ms="53979" started-at="2019-11-20T01:57:13Z" finished-at="2019-11-20T01:58:07Z">
      <class name="runner.TestRunner">
        <test-method status="PASS" signature="setUpClass()[pri:0, instance:runner.TestRunner@6ea12c19]" name="setUpClass" is-config="true" duration-ms="387" started-at="2019-11-19T17:57:14Z" finished-at="2019-11-19T17:57:14Z">
          <reporter-output>
          </reporter-output>
        </test-method> <!-- setUpClass -->
        <test-method status="PASS" signature="feature(cucumber.api.testng.CucumberFeatureWrapper)[pri:0, instance:runner.TestRunner@6ea12c19]" name="feature" duration-ms="53376" started-at="2019-11-19T17:57:14Z" description="Runs Cucumber Feature" data-provider="features" finished-at="2019-11-19T17:58:07Z">
          <params>
            <param index="0">
              <value>
                <![CDATA[Login into the application]]>
              </value>
            </param>
          </params>
          <reporter-output>
          </reporter-output>
        </test-method> <!-- feature -->
        <test-method status="PASS" signature="tearDownClass()[pri:0, instance:runner.TestRunner@6ea12c19]" name="tearDownClass" is-config="true" duration-ms="13" started-at="2019-11-19T17:58:07Z" finished-at="2019-11-19T17:58:07Z">
          <reporter-output>
          </reporter-output>
        </test-method> <!-- tearDownClass -->
      </class> <!-- runner.TestRunner -->
    </test> <!-- CucumberRunner -->
  </suite> <!-- Suite -->
</testng-results>
