<?xml version="1.0" encoding="UTF-8"?>
<testng-results skipped="0" failed="0" ignored="0" total="1" passed="1">
  <reporter-output>
  </reporter-output>
  <suite name="Suite" duration-ms="53296" started-at="2019-11-19T17:51:24 PST" finished-at="2019-11-19T17:52:18 PST">
    <groups>
      <group name="cucumber">
        <method signature="AbstractTestNGCucumberTests.feature(cucumber.api.testng.CucumberFeatureWrapper)[pri:0, instance:runner.TestRunner@536aaa8d]" name="feature" class="cucumber.api.testng.AbstractTestNGCucumberTests"/>
      </group> <!-- cucumber -->
    </groups>
    <test name="CucumberRunner" duration-ms="53296" started-at="2019-11-19T17:51:24 PST" finished-at="2019-11-19T17:52:18 PST">
      <class name="runner.TestRunner">
        <test-method status="PASS" signature="setUpClass()[pri:0, instance:runner.TestRunner@536aaa8d]" name="setUpClass" is-config="true" duration-ms="278" started-at="2019-11-19T17:51:24 PST" finished-at="2019-11-19T17:51:25 PST">
          <reporter-output>
          </reporter-output>
        </test-method> <!-- setUpClass -->
        <test-method status="PASS" signature="feature(cucumber.api.testng.CucumberFeatureWrapper)[pri:0, instance:runner.TestRunner@536aaa8d]" name="feature" duration-ms="52861" started-at="2019-11-19T17:51:25 PST" description="Runs Cucumber Feature" data-provider="features" finished-at="2019-11-19T17:52:18 PST">
          <params>
            <param index="0">
              <value>
                <![CDATA[Login into the application]]>
              </value>
            </param>
          </params>
          <reporter-output>
          </reporter-output>
        </test-method> <!-- feature -->
        <test-method status="PASS" signature="tearDownClass()[pri:0, instance:runner.TestRunner@536aaa8d]" name="tearDownClass" is-config="true" duration-ms="19" started-at="2019-11-19T17:52:18 PST" finished-at="2019-11-19T17:52:18 PST">
          <reporter-output>
          </reporter-output>
        </test-method> <!-- tearDownClass -->
      </class> <!-- runner.TestRunner -->
    </test> <!-- CucumberRunner -->
  </suite> <!-- Suite -->
</testng-results>
